[I 2025-02-22 16:43:40,846] A new study created in memory with name: no-name-4dce8923-db2b-4edb-9e2b-afa389cc94d6
[I 2025-02-22 16:44:42,052] Trial 0 finished with value: 0.16307659408531136 and parameters: {'alpha': 2.9478293379772262, 'area_threshold': 606, 'opening_size': 10, 'closing_size': 4}. Best is trial 0 with value: 0.16307659408531136.
[I 2025-02-22 16:45:38,385] Trial 1 finished with value: 0.2172346126268916 and parameters: {'alpha': 3.576457411000189, 'area_threshold': 1068, 'opening_size': 6, 'closing_size': 12}. Best is trial 1 with value: 0.2172346126268916.
[I 2025-02-22 16:46:34,266] Trial 2 finished with value: 0.15012857628050655 and parameters: {'alpha': 3.913417843541024, 'area_threshold': 638, 'opening_size': 12, 'closing_size': 4}. Best is trial 1 with value: 0.2172346126268916.
[I 2025-02-22 16:47:31,785] Trial 3 finished with value: 0.2658968262953319 and parameters: {'alpha': 2.9213934518578837, 'area_threshold': 1416, 'opening_size': 5, 'closing_size': 15}. Best is trial 3 with value: 0.2658968262953319.
[I 2025-02-22 16:48:27,721] Trial 4 finished with value: 0.18595256963874646 and parameters: {'alpha': 3.7663111941912044, 'area_threshold': 1150, 'opening_size': 8, 'closing_size': 11}. Best is trial 3 with value: 0.2658968262953319.
[I 2025-02-22 16:49:22,844] Trial 5 finished with value: 0.16728933167289328 and parameters: {'alpha': 5.648885104702768, 'area_threshold': 991, 'opening_size': 8, 'closing_size': 9}. Best is trial 3 with value: 0.2658968262953319.
[I 2025-02-22 16:50:18,094] Trial 6 finished with value: 0.040119438469376205 and parameters: {'alpha': 9.731986843292391, 'area_threshold': 878, 'opening_size': 15, 'closing_size': 3}. Best is trial 3 with value: 0.2658968262953319.
[I 2025-02-22 16:51:11,788] Trial 7 finished with value: 0.05448318804483188 and parameters: {'alpha': 12.530367193253747, 'area_threshold': 1185, 'opening_size': 4, 'closing_size': 4}. Best is trial 3 with value: 0.2658968262953319.
[I 2025-02-22 16:52:04,843] Trial 8 finished with value: 0.15487376882146495 and parameters: {'alpha': 7.111827424476889, 'area_threshold': 1344, 'opening_size': 5, 'closing_size': 5}. Best is trial 3 with value: 0.2658968262953319.
[I 2025-02-22 16:53:00,206] Trial 9 finished with value: 0.04387901430242651 and parameters: {'alpha': 12.475101479348808, 'area_threshold': 395, 'opening_size': 10, 'closing_size': 13}. Best is trial 3 with value: 0.2658968262953319.
[I 2025-02-22 16:54:01,864] Trial 10 finished with value: 0.040492363593235325 and parameters: {'alpha': 1.2346582053817932, 'area_threshold': 1496, 'opening_size': 3, 'closing_size': 8}. Best is trial 3 with value: 0.2658968262953319.
[I 2025-02-22 16:54:56,943] Trial 11 finished with value: 0.12591984603192571 and parameters: {'alpha': 8.84553393536487, 'area_threshold': 1499, 'opening_size': 6, 'closing_size': 15}. Best is trial 3 with value: 0.2658968262953319.
[I 2025-02-22 16:55:57,200] Trial 12 finished with value: 0.07179516208158798 and parameters: {'alpha': 1.1642218999444518, 'area_threshold': 1131, 'opening_size': 6, 'closing_size': 15}. Best is trial 3 with value: 0.2658968262953319.
[I 2025-02-22 16:56:52,064] Trial 13 finished with value: 0.18617683686176836 and parameters: {'alpha': 5.985217050319108, 'area_threshold': 1274, 'opening_size': 7, 'closing_size': 12}. Best is trial 3 with value: 0.2658968262953319.
[I 2025-02-22 16:57:46,847] Trial 14 finished with value: 0.27447262160836255 and parameters: {'alpha': 4.383305414059511, 'area_threshold': 959, 'opening_size': 3, 'closing_size': 13}. Best is trial 14 with value: 0.27447262160836255.
[I 2025-02-22 16:58:41,337] Trial 15 finished with value: 0.2523038605230386 and parameters: {'alpha': 5.433299219648602, 'area_threshold': 724, 'opening_size': 3, 'closing_size': 14}. Best is trial 14 with value: 0.27447262160836255.
[I 2025-02-22 16:59:37,134] Trial 16 finished with value: 0.10829573083620407 and parameters: {'alpha': 2.501215188025963, 'area_threshold': 239, 'opening_size': 4, 'closing_size': 10}. Best is trial 14 with value: 0.27447262160836255.
[I 2025-02-22 17:00:30,425] Trial 17 finished with value: 0.1479489792067625 and parameters: {'alpha': 10.367062341662958, 'area_threshold': 863, 'opening_size': 3, 'closing_size': 7}. Best is trial 14 with value: 0.27447262160836255.
[I 2025-02-22 17:01:25,323] Trial 18 finished with value: 0.1976678365221329 and parameters: {'alpha': 7.310832141452311, 'area_threshold': 1350, 'opening_size': 5, 'closing_size': 13}. Best is trial 14 with value: 0.27447262160836255.
[I 2025-02-22 17:02:21,239] Trial 19 finished with value: 0.14512811804219025 and parameters: {'alpha': 5.155070416839575, 'area_threshold': 468, 'opening_size': 12, 'closing_size': 14}. Best is trial 14 with value: 0.27447262160836255.
[I 2025-02-22 17:03:18,792] Trial 20 finished with value: 0.21684969244122418 and parameters: {'alpha': 2.0140856731037466, 'area_threshold': 960, 'opening_size': 5, 'closing_size': 11}. Best is trial 14 with value: 0.27447262160836255.
[I 2025-02-22 17:04:13,976] Trial 21 finished with value: 0.25965130759651306 and parameters: {'alpha': 4.480177133083791, 'area_threshold': 677, 'opening_size': 3, 'closing_size': 14}. Best is trial 14 with value: 0.27447262160836255.
[I 2025-02-22 17:05:09,478] Trial 22 finished with value: 0.2553398241443073 and parameters: {'alpha': 4.59998220811983, 'area_threshold': 765, 'opening_size': 4, 'closing_size': 15}. Best is trial 14 with value: 0.27447262160836255.
[I 2025-02-22 17:06:02,898] Trial 23 finished with value: 0.09297520661157024 and parameters: {'alpha': 14.57043915998436, 'area_threshold': 553, 'opening_size': 3, 'closing_size': 13}. Best is trial 14 with value: 0.27447262160836255.
[I 2025-02-22 17:06:57,440] Trial 24 finished with value: 0.2087295747009321 and parameters: {'alpha': 6.73885644002454, 'area_threshold': 230, 'opening_size': 4, 'closing_size': 14}. Best is trial 14 with value: 0.27447262160836255.
[I 2025-02-22 17:07:52,295] Trial 25 finished with value: 0.2244999811313634 and parameters: {'alpha': 4.501651779414567, 'area_threshold': 744, 'opening_size': 7, 'closing_size': 12}. Best is trial 14 with value: 0.27447262160836255.
[I 2025-02-22 17:08:47,778] Trial 26 finished with value: 0.18731933280501153 and parameters: {'alpha': 2.7953865430129325, 'area_threshold': 365, 'opening_size': 5, 'closing_size': 15}. Best is trial 14 with value: 0.27447262160836255.
[I 2025-02-22 17:09:41,916] Trial 27 finished with value: 0.21578927506698367 and parameters: {'alpha': 8.276906809739614, 'area_threshold': 1002, 'opening_size': 3, 'closing_size': 14}. Best is trial 14 with value: 0.27447262160836255.
[I 2025-02-22 17:10:39,284] Trial 28 finished with value: 0.09425921732895581 and parameters: {'alpha': 1.946583429290842, 'area_threshold': 830, 'opening_size': 15, 'closing_size': 11}. Best is trial 14 with value: 0.27447262160836255.
[I 2025-02-22 17:11:33,897] Trial 29 finished with value: 0.1527887844824333 and parameters: {'alpha': 6.2846426899823555, 'area_threshold': 591, 'opening_size': 9, 'closing_size': 13}. Best is trial 14 with value: 0.27447262160836255.
[I 2025-02-22 17:12:29,165] Trial 30 finished with value: 0.23506547416883655 and parameters: {'alpha': 3.0391361284109717, 'area_threshold': 663, 'opening_size': 4, 'closing_size': 6}. Best is trial 14 with value: 0.27447262160836255.
[I 2025-02-22 17:13:23,768] Trial 31 finished with value: 0.25686818370504544 and parameters: {'alpha': 4.572381962324155, 'area_threshold': 763, 'opening_size': 4, 'closing_size': 15}. Best is trial 14 with value: 0.27447262160836255.
[I 2025-02-22 17:14:18,505] Trial 32 finished with value: 0.23265972300841542 and parameters: {'alpha': 4.455108134552688, 'area_threshold': 517, 'opening_size': 5, 'closing_size': 15}. Best is trial 14 with value: 0.27447262160836255.
[I 2025-02-22 17:15:13,916] Trial 33 finished with value: 0.2205649269783765 and parameters: {'alpha': 3.845034756531768, 'area_threshold': 659, 'opening_size': 6, 'closing_size': 14}. Best is trial 14 with value: 0.27447262160836255.
[I 2025-02-22 17:16:09,171] Trial 34 finished with value: 0.2695384731499302 and parameters: {'alpha': 3.7699789336862692, 'area_threshold': 935, 'opening_size': 4, 'closing_size': 12}. Best is trial 14 with value: 0.27447262160836255.
[I 2025-02-22 17:17:03,744] Trial 35 finished with value: 0.21674214121287597 and parameters: {'alpha': 3.3780707023990155, 'area_threshold': 1053, 'opening_size': 7, 'closing_size': 10}. Best is trial 14 with value: 0.27447262160836255.
[I 2025-02-22 17:18:01,457] Trial 36 finished with value: 0.11704686969319598 and parameters: {'alpha': 1.9986908000399626, 'area_threshold': 1214, 'opening_size': 13, 'closing_size': 12}. Best is trial 14 with value: 0.27447262160836255.
[I 2025-02-22 17:18:57,158] Trial 37 finished with value: 0.2699818861089098 and parameters: {'alpha': 3.5117340139692708, 'area_threshold': 911, 'opening_size': 3, 'closing_size': 10}. Best is trial 14 with value: 0.27447262160836255.
[I 2025-02-22 17:19:52,206] Trial 38 finished with value: 0.18641080795501716 and parameters: {'alpha': 3.4045491862591613, 'area_threshold': 911, 'opening_size': 8, 'closing_size': 9}. Best is trial 14 with value: 0.27447262160836255.
[I 2025-02-22 17:20:48,197] Trial 39 finished with value: 0.22481037020264916 and parameters: {'alpha': 2.3799889039234934, 'area_threshold': 1079, 'opening_size': 4, 'closing_size': 10}. Best is trial 14 with value: 0.27447262160836255.
[I 2025-02-22 17:21:42,723] Trial 40 finished with value: 0.215036416468546 and parameters: {'alpha': 5.208552324790174, 'area_threshold': 926, 'opening_size': 6, 'closing_size': 11}. Best is trial 14 with value: 0.27447262160836255.
[I 2025-02-22 17:22:38,370] Trial 41 finished with value: 0.27325370768708257 and parameters: {'alpha': 3.669440296716415, 'area_threshold': 1018, 'opening_size': 3, 'closing_size': 13}. Best is trial 14 with value: 0.27447262160836255.
[I 2025-02-22 17:23:33,737] Trial 42 finished with value: 0.26956677610475865 and parameters: {'alpha': 3.9214267168351244, 'area_threshold': 827, 'opening_size': 3, 'closing_size': 12}. Best is trial 14 with value: 0.27447262160836255.
[I 2025-02-22 17:24:29,459] Trial 43 finished with value: 0.27413770330955883 and parameters: {'alpha': 3.9952082082815967, 'area_threshold': 1021, 'opening_size': 3, 'closing_size': 12}. Best is trial 14 with value: 0.27447262160836255.
[I 2025-02-22 17:25:23,277] Trial 44 finished with value: 0.23882033284274876 and parameters: {'alpha': 6.462796314099981, 'area_threshold': 1052, 'opening_size': 3, 'closing_size': 9}. Best is trial 14 with value: 0.27447262160836255.
[I 2025-02-22 17:26:19,089] Trial 45 finished with value: 0.27007151213253333 and parameters: {'alpha': 3.960922431770598, 'area_threshold': 836, 'opening_size': 3, 'closing_size': 12}. Best is trial 14 with value: 0.27447262160836255.
[I 2025-02-22 17:27:14,218] Trial 46 finished with value: 0.24649986791954412 and parameters: {'alpha': 5.700755060367367, 'area_threshold': 1005, 'opening_size': 3, 'closing_size': 13}. Best is trial 14 with value: 0.27447262160836255.
[I 2025-02-22 17:28:10,175] Trial 47 finished with value: 0.25513226914223175 and parameters: {'alpha': 2.9653478656698535, 'area_threshold': 1106, 'opening_size': 5, 'closing_size': 10}. Best is trial 14 with value: 0.27447262160836255.
[I 2025-02-22 17:29:09,821] Trial 48 finished with value: 0.08170496999886788 and parameters: {'alpha': 1.4578590584535105, 'area_threshold': 1251, 'opening_size': 4, 'closing_size': 11}. Best is trial 14 with value: 0.27447262160836255.
[I 2025-02-22 17:30:04,200] Trial 49 finished with value: 0.08163326917996905 and parameters: {'alpha': 7.4814950688703306, 'area_threshold': 1172, 'opening_size': 10, 'closing_size': 8}. Best is trial 14 with value: 0.27447262160836255.
