[I 2025-02-23 09:24:37,540] A new study created in memory with name: no-name-56854222-b2fd-4352-890b-cb5c94de6e13
2025-02-23 09:24:41.645241: W external/xla/xla/hlo/transforms/simplifiers/hlo_rematerialization.cc:3021] Can't reduce memory use below 15.89GiB (17062877952 bytes) by rematerialization; only reduced to 16.54GiB (17758310416 bytes), down from 16.54GiB (17758310416 bytes) originally
2025-02-23 09:24:52.075890: W external/xla/xla/tsl/framework/bfc_allocator.cc:501] Allocator (GPU_0_bfc) ran out of memory trying to allocate 8.26GiB (rounded to 8875008256)requested by op 
2025-02-23 09:24:52.076032: W external/xla/xla/tsl/framework/bfc_allocator.cc:512] ****************************************____________________________________________________________
E0223 09:24:52.076060  871517 pjrt_stream_executor_client.cc:3045] Execution of replica 0 failed: RESOURCE_EXHAUSTED: Out of memory while trying to allocate 8875008016 bytes. [tf-allocator-allocation-error='']
[I 2025-02-23 09:26:05,649] Trial 0 finished with value: 0.41745647203646186 and parameters: {'alpha': 3.6555699862626114, 'area_threshold': 1061, 'aspect_ratio_threshold': 2.8945036116076173, 'use_median': True}. Best is trial 0 with value: 0.41745647203646186.
2025-02-23 09:26:19.432891: W external/xla/xla/tsl/framework/bfc_allocator.cc:501] Allocator (GPU_0_bfc) ran out of memory trying to allocate 8.26GiB (rounded to 8875008256)requested by op 
2025-02-23 09:26:19.433031: W external/xla/xla/tsl/framework/bfc_allocator.cc:512] ****************************************____________________________________________________________
E0223 09:26:19.433057  871517 pjrt_stream_executor_client.cc:3045] Execution of replica 0 failed: RESOURCE_EXHAUSTED: Out of memory while trying to allocate 8875008016 bytes. [tf-allocator-allocation-error='']
[I 2025-02-23 09:27:29,553] Trial 1 finished with value: 0.21950565095872465 and parameters: {'alpha': 7.487134236880403, 'area_threshold': 1307, 'aspect_ratio_threshold': 1.8832384954958248, 'use_median': True}. Best is trial 0 with value: 0.41745647203646186.
2025-02-23 09:27:43.317210: W external/xla/xla/tsl/framework/bfc_allocator.cc:501] Allocator (GPU_0_bfc) ran out of memory trying to allocate 8.26GiB (rounded to 8875008256)requested by op 
2025-02-23 09:27:43.317348: W external/xla/xla/tsl/framework/bfc_allocator.cc:512] ****************************************____________________________________________________________
E0223 09:27:43.317374  871517 pjrt_stream_executor_client.cc:3045] Execution of replica 0 failed: RESOURCE_EXHAUSTED: Out of memory while trying to allocate 8875008016 bytes. [tf-allocator-allocation-error='']
[I 2025-02-23 09:28:54,130] Trial 2 finished with value: 0.29127845656488244 and parameters: {'alpha': 5.816928608244727, 'area_threshold': 1331, 'aspect_ratio_threshold': 2.313857620592657, 'use_median': True}. Best is trial 0 with value: 0.41745647203646186.
[I 2025-02-23 09:29:49,456] Trial 3 finished with value: 0.2991551231043759 and parameters: {'alpha': 5.593554204538426, 'area_threshold': 1060, 'aspect_ratio_threshold': 1.6970031180367477, 'use_median': False}. Best is trial 0 with value: 0.41745647203646186.
2025-02-23 09:30:03.294798: W external/xla/xla/tsl/framework/bfc_allocator.cc:501] Allocator (GPU_0_bfc) ran out of memory trying to allocate 8.26GiB (rounded to 8875008256)requested by op 
2025-02-23 09:30:03.294973: W external/xla/xla/tsl/framework/bfc_allocator.cc:512] ****************************************____________________________________________________________
E0223 09:30:03.295004  871517 pjrt_stream_executor_client.cc:3045] Execution of replica 0 failed: RESOURCE_EXHAUSTED: Out of memory while trying to allocate 8875008016 bytes. [tf-allocator-allocation-error='']
[I 2025-02-23 09:31:15,359] Trial 4 finished with value: 0.41449038636998553 and parameters: {'alpha': 3.6530663710150177, 'area_threshold': 1331, 'aspect_ratio_threshold': 1.7686555793766119, 'use_median': True}. Best is trial 0 with value: 0.41745647203646186.
[I 2025-02-23 09:32:11,582] Trial 5 finished with value: 0.4147226297163661 and parameters: {'alpha': 3.6754058281930004, 'area_threshold': 1197, 'aspect_ratio_threshold': 1.7239226262988505, 'use_median': False}. Best is trial 0 with value: 0.41745647203646186.
2025-02-23 09:32:25.409184: W external/xla/xla/tsl/framework/bfc_allocator.cc:501] Allocator (GPU_0_bfc) ran out of memory trying to allocate 8.26GiB (rounded to 8875008256)requested by op 
2025-02-23 09:32:25.409321: W external/xla/xla/tsl/framework/bfc_allocator.cc:512] *****************************************___________________________________________________________
E0223 09:32:25.409347  871517 pjrt_stream_executor_client.cc:3045] Execution of replica 0 failed: RESOURCE_EXHAUSTED: Out of memory while trying to allocate 8875008016 bytes. [tf-allocator-allocation-error='']
[I 2025-02-23 09:33:35,753] Trial 6 finished with value: 0.1992832276689686 and parameters: {'alpha': 7.661025209923381, 'area_threshold': 1003, 'aspect_ratio_threshold': 2.7723438481326994, 'use_median': True}. Best is trial 0 with value: 0.41745647203646186.
[I 2025-02-23 09:34:30,376] Trial 7 finished with value: 0.28821822624071364 and parameters: {'alpha': 5.973106545736453, 'area_threshold': 917, 'aspect_ratio_threshold': 1.1279407578774743, 'use_median': False}. Best is trial 0 with value: 0.41745647203646186.
[I 2025-02-23 09:35:25,322] Trial 8 finished with value: 0.25509077399781377 and parameters: {'alpha': 6.352594314088974, 'area_threshold': 863, 'aspect_ratio_threshold': 2.9257168033428465, 'use_median': False}. Best is trial 0 with value: 0.41745647203646186.
[I 2025-02-23 09:36:19,172] Trial 9 finished with value: 0.243616000233897 and parameters: {'alpha': 6.680324892425313, 'area_threshold': 1072, 'aspect_ratio_threshold': 2.5194369654044735, 'use_median': False}. Best is trial 0 with value: 0.41745647203646186.
2025-02-23 09:36:33.014436: W external/xla/xla/tsl/framework/bfc_allocator.cc:501] Allocator (GPU_0_bfc) ran out of memory trying to allocate 8.26GiB (rounded to 8875008256)requested by op 
2025-02-23 09:36:33.014561: W external/xla/xla/tsl/framework/bfc_allocator.cc:512] *****************************************___________________________________________________________
E0223 09:36:33.014585  871517 pjrt_stream_executor_client.cc:3045] Execution of replica 0 failed: RESOURCE_EXHAUSTED: Out of memory while trying to allocate 8875008016 bytes. [tf-allocator-allocation-error='']
[I 2025-02-23 09:37:44,377] Trial 10 finished with value: 0.37334955979746315 and parameters: {'alpha': 4.58533966658335, 'area_threshold': 1199, 'aspect_ratio_threshold': 2.293967305081743, 'use_median': True}. Best is trial 0 with value: 0.41745647203646186.
[I 2025-02-23 09:38:40,404] Trial 11 finished with value: 0.41801878179299745 and parameters: {'alpha': 3.2265055021060483, 'area_threshold': 1186, 'aspect_ratio_threshold': 1.359119107183718, 'use_median': False}. Best is trial 11 with value: 0.41801878179299745.
2025-02-23 09:38:54.325227: W external/xla/xla/tsl/framework/bfc_allocator.cc:501] Allocator (GPU_0_bfc) ran out of memory trying to allocate 8.26GiB (rounded to 8875008256)requested by op 
2025-02-23 09:38:54.325371: W external/xla/xla/tsl/framework/bfc_allocator.cc:512] *****************************************___________________________________________________________
E0223 09:38:54.325398  871517 pjrt_stream_executor_client.cc:3045] Execution of replica 0 failed: RESOURCE_EXHAUSTED: Out of memory while trying to allocate 8875008016 bytes. [tf-allocator-allocation-error='']
[I 2025-02-23 09:40:06,758] Trial 12 finished with value: 0.43091598484160465 and parameters: {'alpha': 3.1616125826103154, 'area_threshold': 1168, 'aspect_ratio_threshold': 1.1843118153794745, 'use_median': True}. Best is trial 12 with value: 0.43091598484160465.
[I 2025-02-23 09:41:03,353] Trial 13 finished with value: 0.4075186353390247 and parameters: {'alpha': 3.033717910564997, 'area_threshold': 1211, 'aspect_ratio_threshold': 1.1298475813139306, 'use_median': False}. Best is trial 12 with value: 0.43091598484160465.
2025-02-23 09:41:17.209290: W external/xla/xla/tsl/framework/bfc_allocator.cc:501] Allocator (GPU_0_bfc) ran out of memory trying to allocate 8.26GiB (rounded to 8875008256)requested by op 
2025-02-23 09:41:17.209433: W external/xla/xla/tsl/framework/bfc_allocator.cc:512] ******************************************__________________________________________________________
E0223 09:41:17.209458  871517 pjrt_stream_executor_client.cc:3045] Execution of replica 0 failed: RESOURCE_EXHAUSTED: Out of memory while trying to allocate 8875008016 bytes. [tf-allocator-allocation-error='']
[I 2025-02-23 09:42:28,736] Trial 14 finished with value: 0.36557807318557445 and parameters: {'alpha': 4.704517004779167, 'area_threshold': 1156, 'aspect_ratio_threshold': 1.4448094460669663, 'use_median': True}. Best is trial 12 with value: 0.43091598484160465.
[I 2025-02-23 09:43:23,309] Trial 15 finished with value: 0.3592755072518459 and parameters: {'alpha': 4.662756309225263, 'area_threshold': 1248, 'aspect_ratio_threshold': 1.407759159898987, 'use_median': False}. Best is trial 12 with value: 0.43091598484160465.
[I 2025-02-23 09:44:19,626] Trial 16 finished with value: 0.40305471036253326 and parameters: {'alpha': 3.100826378012663, 'area_threshold': 1388, 'aspect_ratio_threshold': 1.3965618418104884, 'use_median': False}. Best is trial 12 with value: 0.43091598484160465.
2025-02-23 09:44:33.413215: W external/xla/xla/tsl/framework/bfc_allocator.cc:501] Allocator (GPU_0_bfc) ran out of memory trying to allocate 8.26GiB (rounded to 8875008256)requested by op 
2025-02-23 09:44:33.413349: W external/xla/xla/tsl/framework/bfc_allocator.cc:512] ******************************************__________________________________________________________
E0223 09:44:33.413374  871517 pjrt_stream_executor_client.cc:3045] Execution of replica 0 failed: RESOURCE_EXHAUSTED: Out of memory while trying to allocate 8875008016 bytes. [tf-allocator-allocation-error='']
[I 2025-02-23 09:45:45,712] Trial 17 finished with value: 0.40589405251117905 and parameters: {'alpha': 4.16876229009935, 'area_threshold': 1130, 'aspect_ratio_threshold': 1.489563763287229, 'use_median': True}. Best is trial 12 with value: 0.43091598484160465.
[I 2025-02-23 09:46:40,250] Trial 18 finished with value: 0.34234262493094497 and parameters: {'alpha': 5.019468309777029, 'area_threshold': 985, 'aspect_ratio_threshold': 2.019238646659634, 'use_median': False}. Best is trial 12 with value: 0.43091598484160465.
2025-02-23 09:46:54.253246: W external/xla/xla/tsl/framework/bfc_allocator.cc:501] Allocator (GPU_0_bfc) ran out of memory trying to allocate 8.26GiB (rounded to 8875008256)requested by op 
2025-02-23 09:46:54.253397: W external/xla/xla/tsl/framework/bfc_allocator.cc:512] ******************************************__________________________________________________________
E0223 09:46:54.253422  871517 pjrt_stream_executor_client.cc:3045] Execution of replica 0 failed: RESOURCE_EXHAUSTED: Out of memory while trying to allocate 8875008016 bytes. [tf-allocator-allocation-error='']
[I 2025-02-23 09:48:05,802] Trial 19 finished with value: 0.4086208778767932 and parameters: {'alpha': 4.038276345040828, 'area_threshold': 1262, 'aspect_ratio_threshold': 1.2271967287715955, 'use_median': True}. Best is trial 12 with value: 0.43091598484160465.
2025-02-23 09:48:19.831310: W external/xla/xla/tsl/framework/bfc_allocator.cc:501] Allocator (GPU_0_bfc) ran out of memory trying to allocate 8.26GiB (rounded to 8875008256)requested by op 
2025-02-23 09:48:19.831457: W external/xla/xla/tsl/framework/bfc_allocator.cc:512] ******************************************__________________________________________________________
E0223 09:48:19.831481  871517 pjrt_stream_executor_client.cc:3045] Execution of replica 0 failed: RESOURCE_EXHAUSTED: Out of memory while trying to allocate 8875008016 bytes. [tf-allocator-allocation-error='']
[I 2025-02-23 09:49:30,814] Trial 20 finished with value: 0.33638098570737535 and parameters: {'alpha': 5.223149322562234, 'area_threshold': 1145, 'aspect_ratio_threshold': 1.5588994694586642, 'use_median': True}. Best is trial 12 with value: 0.43091598484160465.
2025-02-23 09:49:44.677204: W external/xla/xla/tsl/framework/bfc_allocator.cc:501] Allocator (GPU_0_bfc) ran out of memory trying to allocate 8.26GiB (rounded to 8875008256)requested by op 
2025-02-23 09:49:44.677348: W external/xla/xla/tsl/framework/bfc_allocator.cc:512] *******************************************_________________________________________________________
E0223 09:49:44.677377  871517 pjrt_stream_executor_client.cc:3045] Execution of replica 0 failed: RESOURCE_EXHAUSTED: Out of memory while trying to allocate 8875008016 bytes. [tf-allocator-allocation-error='']
[I 2025-02-23 09:50:57,115] Trial 21 finished with value: 0.4306733117870918 and parameters: {'alpha': 3.523956254892328, 'area_threshold': 1022, 'aspect_ratio_threshold': 2.2319476761904826, 'use_median': True}. Best is trial 12 with value: 0.43091598484160465.
2025-02-23 09:51:10.883925: W external/xla/xla/tsl/framework/bfc_allocator.cc:501] Allocator (GPU_0_bfc) ran out of memory trying to allocate 8.26GiB (rounded to 8875008256)requested by op 
2025-02-23 09:51:10.884069: W external/xla/xla/tsl/framework/bfc_allocator.cc:512] *******************************************_________________________________________________________
E0223 09:51:10.884096  871517 pjrt_stream_executor_client.cc:3045] Execution of replica 0 failed: RESOURCE_EXHAUSTED: Out of memory while trying to allocate 8875008016 bytes. [tf-allocator-allocation-error='']
[I 2025-02-23 09:52:23,259] Trial 22 finished with value: 0.42961804157715716 and parameters: {'alpha': 3.373667328566836, 'area_threshold': 993, 'aspect_ratio_threshold': 2.211825239316362, 'use_median': True}. Best is trial 12 with value: 0.43091598484160465.
2025-02-23 09:52:36.977677: W external/xla/xla/tsl/framework/bfc_allocator.cc:501] Allocator (GPU_0_bfc) ran out of memory trying to allocate 8.26GiB (rounded to 8875008256)requested by op 
2025-02-23 09:52:36.977829: W external/xla/xla/tsl/framework/bfc_allocator.cc:512] *******************************************_________________________________________________________
E0223 09:52:36.977857  871517 pjrt_stream_executor_client.cc:3045] Execution of replica 0 failed: RESOURCE_EXHAUSTED: Out of memory while trying to allocate 8875008016 bytes. [tf-allocator-allocation-error='']
[I 2025-02-23 09:53:48,346] Trial 23 finished with value: 0.4055826557369068 and parameters: {'alpha': 4.139447699488608, 'area_threshold': 1000, 'aspect_ratio_threshold': 2.2903540891012004, 'use_median': True}. Best is trial 12 with value: 0.43091598484160465.
2025-02-23 09:54:02.263916: W external/xla/xla/tsl/framework/bfc_allocator.cc:501] Allocator (GPU_0_bfc) ran out of memory trying to allocate 8.26GiB (rounded to 8875008256)requested by op 
2025-02-23 09:54:02.264058: W external/xla/xla/tsl/framework/bfc_allocator.cc:512] ********************************************________________________________________________________
E0223 09:54:02.264083  871517 pjrt_stream_executor_client.cc:3045] Execution of replica 0 failed: RESOURCE_EXHAUSTED: Out of memory while trying to allocate 8875008016 bytes. [tf-allocator-allocation-error='']
[I 2025-02-23 09:55:14,278] Trial 24 finished with value: 0.4354948517156782 and parameters: {'alpha': 3.5068604772223746, 'area_threshold': 918, 'aspect_ratio_threshold': 2.115512964945868, 'use_median': True}. Best is trial 24 with value: 0.4354948517156782.
2025-02-23 09:55:28.101221: W external/xla/xla/tsl/framework/bfc_allocator.cc:501] Allocator (GPU_0_bfc) ran out of memory trying to allocate 8.26GiB (rounded to 8875008256)requested by op 
2025-02-23 09:55:28.101362: W external/xla/xla/tsl/framework/bfc_allocator.cc:512] ********************************************________________________________________________________
E0223 09:55:28.101387  871517 pjrt_stream_executor_client.cc:3045] Execution of replica 0 failed: RESOURCE_EXHAUSTED: Out of memory while trying to allocate 8875008016 bytes. [tf-allocator-allocation-error='']
[I 2025-02-23 09:56:40,358] Trial 25 finished with value: 0.40935513137020296 and parameters: {'alpha': 3.8915606682983506, 'area_threshold': 820, 'aspect_ratio_threshold': 2.479577468261431, 'use_median': True}. Best is trial 24 with value: 0.4354948517156782.
2025-02-23 09:56:54.252810: W external/xla/xla/tsl/framework/bfc_allocator.cc:501] Allocator (GPU_0_bfc) ran out of memory trying to allocate 8.26GiB (rounded to 8875008256)requested by op 
2025-02-23 09:56:54.252944: W external/xla/xla/tsl/framework/bfc_allocator.cc:512] ********************************************________________________________________________________
E0223 09:56:54.252971  871517 pjrt_stream_executor_client.cc:3045] Execution of replica 0 failed: RESOURCE_EXHAUSTED: Out of memory while trying to allocate 8875008016 bytes. [tf-allocator-allocation-error='']
[I 2025-02-23 09:58:06,021] Trial 26 finished with value: 0.3991489183043581 and parameters: {'alpha': 4.3391973454729404, 'area_threshold': 889, 'aspect_ratio_threshold': 2.06020466471365, 'use_median': True}. Best is trial 24 with value: 0.4354948517156782.
2025-02-23 09:58:19.796811: W external/xla/xla/tsl/framework/bfc_allocator.cc:501] Allocator (GPU_0_bfc) ran out of memory trying to allocate 8.26GiB (rounded to 8875008256)requested by op 
2025-02-23 09:58:19.796973: W external/xla/xla/tsl/framework/bfc_allocator.cc:512] ********************************************________________________________________________________
E0223 09:58:19.797001  871517 pjrt_stream_executor_client.cc:3045] Execution of replica 0 failed: RESOURCE_EXHAUSTED: Out of memory while trying to allocate 8875008016 bytes. [tf-allocator-allocation-error='']
[I 2025-02-23 09:59:31,484] Trial 27 finished with value: 0.43475663497993045 and parameters: {'alpha': 3.4461869032168035, 'area_threshold': 927, 'aspect_ratio_threshold': 2.038043891950665, 'use_median': True}. Best is trial 24 with value: 0.4354948517156782.
2025-02-23 09:59:45.485758: W external/xla/xla/tsl/framework/bfc_allocator.cc:501] Allocator (GPU_0_bfc) ran out of memory trying to allocate 8.26GiB (rounded to 8875008256)requested by op 
2025-02-23 09:59:45.485947: W external/xla/xla/tsl/framework/bfc_allocator.cc:512] *********************************************_______________________________________________________
E0223 09:59:45.485981  871517 pjrt_stream_executor_client.cc:3045] Execution of replica 0 failed: RESOURCE_EXHAUSTED: Out of memory while trying to allocate 8875008016 bytes. [tf-allocator-allocation-error='']
[I 2025-02-23 10:00:58,214] Trial 28 finished with value: 0.4248855360753327 and parameters: {'alpha': 3.3485272705224673, 'area_threshold': 935, 'aspect_ratio_threshold': 2.6243540382518993, 'use_median': True}. Best is trial 24 with value: 0.4354948517156782.
2025-02-23 10:01:11.977256: W external/xla/xla/tsl/framework/bfc_allocator.cc:501] Allocator (GPU_0_bfc) ran out of memory trying to allocate 8.26GiB (rounded to 8875008256)requested by op 
2025-02-23 10:01:11.977413: W external/xla/xla/tsl/framework/bfc_allocator.cc:512] *********************************************_______________________________________________________
E0223 10:01:11.977441  871517 pjrt_stream_executor_client.cc:3045] Execution of replica 0 failed: RESOURCE_EXHAUSTED: Out of memory while trying to allocate 8875008016 bytes. [tf-allocator-allocation-error='']
[I 2025-02-23 10:02:23,917] Trial 29 finished with value: 0.4171109277113796 and parameters: {'alpha': 3.778353444608348, 'area_threshold': 819, 'aspect_ratio_threshold': 1.9995785381776727, 'use_median': True}. Best is trial 24 with value: 0.4354948517156782.
2025-02-23 10:02:37.686614: W external/xla/xla/tsl/framework/bfc_allocator.cc:501] Allocator (GPU_0_bfc) ran out of memory trying to allocate 8.26GiB (rounded to 8875008256)requested by op 
2025-02-23 10:02:37.686787: W external/xla/xla/tsl/framework/bfc_allocator.cc:512] *********************************************_______________________________________________________
E0223 10:02:37.686816  871517 pjrt_stream_executor_client.cc:3045] Execution of replica 0 failed: RESOURCE_EXHAUSTED: Out of memory while trying to allocate 8875008016 bytes. [tf-allocator-allocation-error='']
[I 2025-02-23 10:03:49,915] Trial 30 finished with value: 0.40647917854882376 and parameters: {'alpha': 3.0354048224800447, 'area_threshold': 947, 'aspect_ratio_threshold': 1.876043720247087, 'use_median': True}. Best is trial 24 with value: 0.4354948517156782.
2025-02-23 10:04:03.753256: W external/xla/xla/tsl/framework/bfc_allocator.cc:501] Allocator (GPU_0_bfc) ran out of memory trying to allocate 8.26GiB (rounded to 8875008256)requested by op 
2025-02-23 10:04:03.753426: W external/xla/xla/tsl/framework/bfc_allocator.cc:512] **********************************************______________________________________________________
E0223 10:04:03.753459  871517 pjrt_stream_executor_client.cc:3045] Execution of replica 0 failed: RESOURCE_EXHAUSTED: Out of memory while trying to allocate 8875008016 bytes. [tf-allocator-allocation-error='']
