[I 2025-02-23 10:05:09,070] Trial 31 finished with value: 0.42803862185895203 and parameters: {'alpha': 3.5508119895406316, 'area_threshold': 1058, 'aspect_ratio_threshold': 2.162090356839849, 'use_median': True}. Best is trial 24 with value: 0.4354948517156782.
2025-02-23 10:05:22.923814: W external/xla/xla/tsl/framework/bfc_allocator.cc:501] Allocator (GPU_0_bfc) ran out of memory trying to allocate 8.26GiB (rounded to 8875008256)requested by op 
2025-02-23 10:05:22.923970: W external/xla/xla/tsl/framework/bfc_allocator.cc:512] **********************************************______________________________________________________
E0223 10:05:22.923999  871517 pjrt_stream_executor_client.cc:3045] Execution of replica 0 failed: RESOURCE_EXHAUSTED: Out of memory while trying to allocate 8875008016 bytes. [tf-allocator-allocation-error='']
[I 2025-02-23 10:06:34,637] Trial 32 finished with value: 0.42461147812026245 and parameters: {'alpha': 3.4172493461689806, 'area_threshold': 1102, 'aspect_ratio_threshold': 2.4461386287265587, 'use_median': True}. Best is trial 24 with value: 0.4354948517156782.
2025-02-23 10:06:48.421903: W external/xla/xla/tsl/framework/bfc_allocator.cc:501] Allocator (GPU_0_bfc) ran out of memory trying to allocate 8.26GiB (rounded to 8875008256)requested by op 
2025-02-23 10:06:48.422057: W external/xla/xla/tsl/framework/bfc_allocator.cc:512] **********************************************______________________________________________________
E0223 10:06:48.422086  871517 pjrt_stream_executor_client.cc:3045] Execution of replica 0 failed: RESOURCE_EXHAUSTED: Out of memory while trying to allocate 8875008016 bytes. [tf-allocator-allocation-error='']
[I 2025-02-23 10:07:58,275] Trial 33 finished with value: 0.22415106859378336 and parameters: {'alpha': 7.186773827098412, 'area_threshold': 873, 'aspect_ratio_threshold': 1.8779831646876313, 'use_median': True}. Best is trial 24 with value: 0.4354948517156782.
2025-02-23 10:08:12.113254: W external/xla/xla/tsl/framework/bfc_allocator.cc:501] Allocator (GPU_0_bfc) ran out of memory trying to allocate 8.26GiB (rounded to 8875008256)requested by op 
2025-02-23 10:08:12.113424: W external/xla/xla/tsl/framework/bfc_allocator.cc:512] **********************************************______________________________________________________
E0223 10:08:12.113452  871517 pjrt_stream_executor_client.cc:3045] Execution of replica 0 failed: RESOURCE_EXHAUSTED: Out of memory while trying to allocate 8875008016 bytes. [tf-allocator-allocation-error='']
[I 2025-02-23 10:09:23,526] Trial 34 finished with value: 0.4007039044270749 and parameters: {'alpha': 4.279524695728014, 'area_threshold': 954, 'aspect_ratio_threshold': 2.1459031889041413, 'use_median': True}. Best is trial 24 with value: 0.4354948517156782.
2025-02-23 10:09:37.477229: W external/xla/xla/tsl/framework/bfc_allocator.cc:501] Allocator (GPU_0_bfc) ran out of memory trying to allocate 8.26GiB (rounded to 8875008256)requested by op 
2025-02-23 10:09:37.477380: W external/xla/xla/tsl/framework/bfc_allocator.cc:512] ***********************************************_____________________________________________________
E0223 10:09:37.477408  871517 pjrt_stream_executor_client.cc:3045] Execution of replica 0 failed: RESOURCE_EXHAUSTED: Out of memory while trying to allocate 8875008016 bytes. [tf-allocator-allocation-error='']
[I 2025-02-23 10:10:48,845] Trial 35 finished with value: 0.42214891885728517 and parameters: {'alpha': 3.84448225556557, 'area_threshold': 1025, 'aspect_ratio_threshold': 1.604598518933062, 'use_median': True}. Best is trial 24 with value: 0.4354948517156782.
2025-02-23 10:11:02.717227: W external/xla/xla/tsl/framework/bfc_allocator.cc:501] Allocator (GPU_0_bfc) ran out of memory trying to allocate 8.26GiB (rounded to 8875008256)requested by op 
2025-02-23 10:11:02.717392: W external/xla/xla/tsl/framework/bfc_allocator.cc:512] ***********************************************_____________________________________________________
E0223 10:11:02.717421  871517 pjrt_stream_executor_client.cc:3045] Execution of replica 0 failed: RESOURCE_EXHAUSTED: Out of memory while trying to allocate 8875008016 bytes. [tf-allocator-allocation-error='']
[I 2025-02-23 10:12:14,496] Trial 36 finished with value: 0.42519753902052254 and parameters: {'alpha': 3.588822381384641, 'area_threshold': 908, 'aspect_ratio_threshold': 2.802943743292096, 'use_median': True}. Best is trial 24 with value: 0.4354948517156782.
2025-02-23 10:12:28.293212: W external/xla/xla/tsl/framework/bfc_allocator.cc:501] Allocator (GPU_0_bfc) ran out of memory trying to allocate 8.26GiB (rounded to 8875008256)requested by op 
2025-02-23 10:12:28.293373: W external/xla/xla/tsl/framework/bfc_allocator.cc:512] ***********************************************_____________________________________________________
E0223 10:12:28.293402  871517 pjrt_stream_executor_client.cc:3045] Execution of replica 0 failed: RESOURCE_EXHAUSTED: Out of memory while trying to allocate 8875008016 bytes. [tf-allocator-allocation-error='']
[I 2025-02-23 10:13:38,912] Trial 37 finished with value: 0.1902101384596007 and parameters: {'alpha': 7.978589759558643, 'area_threshold': 1036, 'aspect_ratio_threshold': 2.4108341484103666, 'use_median': True}. Best is trial 24 with value: 0.4354948517156782.
2025-02-23 10:13:52.821698: W external/xla/xla/tsl/framework/bfc_allocator.cc:501] Allocator (GPU_0_bfc) ran out of memory trying to allocate 8.26GiB (rounded to 8875008256)requested by op 
2025-02-23 10:13:52.821869: W external/xla/xla/tsl/framework/bfc_allocator.cc:512] ************************************************____________________________________________________
E0223 10:13:52.821898  871517 pjrt_stream_executor_client.cc:3045] Execution of replica 0 failed: RESOURCE_EXHAUSTED: Out of memory while trying to allocate 8875008016 bytes. [tf-allocator-allocation-error='']
[I 2025-02-23 10:15:04,847] Trial 38 finished with value: 0.42390694233645515 and parameters: {'alpha': 3.372418109664828, 'area_threshold': 1096, 'aspect_ratio_threshold': 2.618144956882613, 'use_median': True}. Best is trial 24 with value: 0.4354948517156782.
2025-02-23 10:15:18.697259: W external/xla/xla/tsl/framework/bfc_allocator.cc:501] Allocator (GPU_0_bfc) ran out of memory trying to allocate 8.26GiB (rounded to 8875008256)requested by op 
2025-02-23 10:15:18.697423: W external/xla/xla/tsl/framework/bfc_allocator.cc:512] ************************************************____________________________________________________
E0223 10:15:18.697452  871517 pjrt_stream_executor_client.cc:3045] Execution of replica 0 failed: RESOURCE_EXHAUSTED: Out of memory while trying to allocate 8875008016 bytes. [tf-allocator-allocation-error='']
[I 2025-02-23 10:16:30,445] Trial 39 finished with value: 0.39862475321240876 and parameters: {'alpha': 4.4224601604044365, 'area_threshold': 973, 'aspect_ratio_threshold': 1.7805627393556613, 'use_median': True}. Best is trial 24 with value: 0.4354948517156782.
2025-02-23 10:16:44.217224: W external/xla/xla/tsl/framework/bfc_allocator.cc:501] Allocator (GPU_0_bfc) ran out of memory trying to allocate 8.26GiB (rounded to 8875008256)requested by op 
2025-02-23 10:16:44.217394: W external/xla/xla/tsl/framework/bfc_allocator.cc:512] ************************************************____________________________________________________
E0223 10:16:44.217437  871517 pjrt_stream_executor_client.cc:3045] Execution of replica 0 failed: RESOURCE_EXHAUSTED: Out of memory while trying to allocate 8875008016 bytes. [tf-allocator-allocation-error='']
[I 2025-02-23 10:17:55,927] Trial 40 finished with value: 0.3419745178174463 and parameters: {'alpha': 5.112905525055523, 'area_threshold': 851, 'aspect_ratio_threshold': 1.9591797107529008, 'use_median': True}. Best is trial 24 with value: 0.4354948517156782.
2025-02-23 10:18:09.845039: W external/xla/xla/tsl/framework/bfc_allocator.cc:501] Allocator (GPU_0_bfc) ran out of memory trying to allocate 8.26GiB (rounded to 8875008256)requested by op 
2025-02-23 10:18:09.845216: W external/xla/xla/tsl/framework/bfc_allocator.cc:512] *************************************************___________________________________________________
E0223 10:18:09.845244  871517 pjrt_stream_executor_client.cc:3045] Execution of replica 0 failed: RESOURCE_EXHAUSTED: Out of memory while trying to allocate 8875008016 bytes. [tf-allocator-allocation-error='']
[I 2025-02-23 10:19:22,034] Trial 41 finished with value: 0.4312767373506763 and parameters: {'alpha': 3.5838391736816777, 'area_threshold': 1013, 'aspect_ratio_threshold': 2.1361059700146483, 'use_median': True}. Best is trial 24 with value: 0.4354948517156782.
2025-02-23 10:19:35.853216: W external/xla/xla/tsl/framework/bfc_allocator.cc:501] Allocator (GPU_0_bfc) ran out of memory trying to allocate 8.26GiB (rounded to 8875008256)requested by op 
2025-02-23 10:19:35.853394: W external/xla/xla/tsl/framework/bfc_allocator.cc:512] *************************************************___________________________________________________
E0223 10:19:35.853423  871517 pjrt_stream_executor_client.cc:3045] Execution of replica 0 failed: RESOURCE_EXHAUSTED: Out of memory while trying to allocate 8875008016 bytes. [tf-allocator-allocation-error='']
[I 2025-02-23 10:20:47,500] Trial 42 finished with value: 0.42247529210422374 and parameters: {'alpha': 3.677626853434347, 'area_threshold': 1032, 'aspect_ratio_threshold': 2.1057159433367367, 'use_median': True}. Best is trial 24 with value: 0.4354948517156782.
2025-02-23 10:21:01.393195: W external/xla/xla/tsl/framework/bfc_allocator.cc:501] Allocator (GPU_0_bfc) ran out of memory trying to allocate 8.26GiB (rounded to 8875008256)requested by op 
2025-02-23 10:21:01.393363: W external/xla/xla/tsl/framework/bfc_allocator.cc:512] *************************************************___________________________________________________
E0223 10:21:01.393392  871517 pjrt_stream_executor_client.cc:3045] Execution of replica 0 failed: RESOURCE_EXHAUSTED: Out of memory while trying to allocate 8875008016 bytes. [tf-allocator-allocation-error='']
[I 2025-02-23 10:22:13,580] Trial 43 finished with value: 0.4111961767429898 and parameters: {'alpha': 3.9438095636256123, 'area_threshold': 917, 'aspect_ratio_threshold': 2.377483537246066, 'use_median': True}. Best is trial 24 with value: 0.4354948517156782.
2025-02-23 10:22:27.454615: W external/xla/xla/tsl/framework/bfc_allocator.cc:501] Allocator (GPU_0_bfc) ran out of memory trying to allocate 8.26GiB (rounded to 8875008256)requested by op 
2025-02-23 10:22:27.454781: W external/xla/xla/tsl/framework/bfc_allocator.cc:512] *************************************************___________________________________________________
E0223 10:22:27.454807  871517 pjrt_stream_executor_client.cc:3045] Execution of replica 0 failed: RESOURCE_EXHAUSTED: Out of memory while trying to allocate 8875008016 bytes. [tf-allocator-allocation-error='']
[I 2025-02-23 10:23:39,931] Trial 44 finished with value: 0.4243038947276399 and parameters: {'alpha': 3.1974743862464665, 'area_threshold': 955, 'aspect_ratio_threshold': 2.2643838475765876, 'use_median': True}. Best is trial 24 with value: 0.4354948517156782.
2025-02-23 10:23:53.885233: W external/xla/xla/tsl/framework/bfc_allocator.cc:501] Allocator (GPU_0_bfc) ran out of memory trying to allocate 8.26GiB (rounded to 8875008256)requested by op 
2025-02-23 10:23:53.885414: W external/xla/xla/tsl/framework/bfc_allocator.cc:512] **************************************************__________________________________________________
E0223 10:23:53.885445  871517 pjrt_stream_executor_client.cc:3045] Execution of replica 0 failed: RESOURCE_EXHAUSTED: Out of memory while trying to allocate 8875008016 bytes. [tf-allocator-allocation-error='']
[I 2025-02-23 10:25:05,562] Trial 45 finished with value: 0.43210070601856493 and parameters: {'alpha': 3.618963267082066, 'area_threshold': 1104, 'aspect_ratio_threshold': 1.67121847727957, 'use_median': True}. Best is trial 24 with value: 0.4354948517156782.
2025-02-23 10:25:19.431502: W external/xla/xla/tsl/framework/bfc_allocator.cc:501] Allocator (GPU_0_bfc) ran out of memory trying to allocate 8.26GiB (rounded to 8875008256)requested by op 
2025-02-23 10:25:19.431740: W external/xla/xla/tsl/framework/bfc_allocator.cc:512] **************************************************__________________________________________________
E0223 10:25:19.431781  871517 pjrt_stream_executor_client.cc:3045] Execution of replica 0 failed: RESOURCE_EXHAUSTED: Out of memory while trying to allocate 8875008016 bytes. [tf-allocator-allocation-error='']
[I 2025-02-23 10:26:30,006] Trial 46 finished with value: 0.2928703890735477 and parameters: {'alpha': 5.8974064943731, 'area_threshold': 1091, 'aspect_ratio_threshold': 1.689279285061465, 'use_median': True}. Best is trial 24 with value: 0.4354948517156782.
2025-02-23 10:26:43.923601: W external/xla/xla/tsl/framework/bfc_allocator.cc:501] Allocator (GPU_0_bfc) ran out of memory trying to allocate 8.26GiB (rounded to 8875008256)requested by op 
2025-02-23 10:26:43.923794: W external/xla/xla/tsl/framework/bfc_allocator.cc:512] **************************************************__________________________________________________
E0223 10:26:43.923824  871517 pjrt_stream_executor_client.cc:3045] Execution of replica 0 failed: RESOURCE_EXHAUSTED: Out of memory while trying to allocate 8875008016 bytes. [tf-allocator-allocation-error='']
[I 2025-02-23 10:27:56,679] Trial 47 finished with value: 0.4131380530111725 and parameters: {'alpha': 3.8258476830575243, 'area_threshold': 1237, 'aspect_ratio_threshold': 1.8021490874829202, 'use_median': True}. Best is trial 24 with value: 0.4354948517156782.
2025-02-23 10:28:10.697125: W external/xla/xla/tsl/framework/bfc_allocator.cc:501] Allocator (GPU_0_bfc) ran out of memory trying to allocate 8.26GiB (rounded to 8875008256)requested by op 
2025-02-23 10:28:10.697303: W external/xla/xla/tsl/framework/bfc_allocator.cc:512] ***************************************************_________________________________________________
E0223 10:28:10.697336  871517 pjrt_stream_executor_client.cc:3045] Execution of replica 0 failed: RESOURCE_EXHAUSTED: Out of memory while trying to allocate 8875008016 bytes. [tf-allocator-allocation-error='']
[I 2025-02-23 10:29:23,309] Trial 48 finished with value: 0.42912528958289836 and parameters: {'alpha': 3.218134816657788, 'area_threshold': 1126, 'aspect_ratio_threshold': 1.6456080161997757, 'use_median': True}. Best is trial 24 with value: 0.4354948517156782.
2025-02-23 10:29:37.264529: W external/xla/xla/tsl/framework/bfc_allocator.cc:501] Allocator (GPU_0_bfc) ran out of memory trying to allocate 8.26GiB (rounded to 8875008256)requested by op 
2025-02-23 10:29:37.264698: W external/xla/xla/tsl/framework/bfc_allocator.cc:512] ***************************************************_________________________________________________
E0223 10:29:37.264728  871517 pjrt_stream_executor_client.cc:3045] Execution of replica 0 failed: RESOURCE_EXHAUSTED: Out of memory while trying to allocate 8875008016 bytes. [tf-allocator-allocation-error='']
[I 2025-02-23 10:30:48,214] Trial 49 finished with value: 0.26708826365861144 and parameters: {'alpha': 6.28625652005719, 'area_threshold': 1064, 'aspect_ratio_threshold': 1.9256763221221094, 'use_median': True}. Best is trial 24 with value: 0.4354948517156782.
